\BOOKMARK [0][-]{chapter.1}{\376\377\000I\000n\000t\000r\000o\000d\000u\000c\000c\000i\000\363\000n}{}% 1
\BOOKMARK [1][-]{section.1.1}{\376\377\000Q\000u\000\351\000\040\000e\000s\000\040\000e\000l\000\040\000S\000i\000s\000t\000e\000m\000a\000\040\000d\000e\000\040\000C\000o\000n\000t\000r\000o\000l\000a\000d\000o\000r\000\040\000R\000C\000\040\000c\000o\000n\000\040\000E\000S\000P\0003\0002}{chapter.1}% 2
\BOOKMARK [1][-]{section.1.2}{\376\377\000P\000a\000r\000a\000\040\000Q\000u\000i\000\351\000n\000\040\000e\000s\000\040\000E\000s\000t\000a\000\040\000G\000u\000\355\000a}{chapter.1}% 3
\BOOKMARK [1][-]{section.1.3}{\376\377\000Q\000u\000\351\000\040\000P\000u\000e\000d\000e\000s\000\040\000C\000o\000n\000s\000t\000r\000u\000i\000r}{chapter.1}% 4
\BOOKMARK [0][-]{chapter.2}{\376\377\000R\000e\000s\000u\000m\000e\000n\000\040\000d\000e\000\040\000l\000a\000\040\000A\000r\000q\000u\000i\000t\000e\000c\000t\000u\000r\000a\000\040\000d\000e\000l\000\040\000C\000\363\000d\000i\000g\000o\000\040\000E\000S\000P\0003\0002}{}% 5
\BOOKMARK [1][-]{section.2.1}{\376\377\000A\000r\000q\000u\000i\000t\000e\000c\000t\000u\000r\000a\000\040\000d\000e\000\040\000A\000l\000t\000o\000\040\000N\000i\000v\000e\000l\000\040\000\050\000A\000n\000d\000r\000o\000i\000d\000\040\000A\000p\000p\000\040\000<\000-\000>\000\040\000E\000S\000P\0003\0002\000\051}{chapter.2}% 6
\BOOKMARK [1][-]{section.2.2}{\376\377\000C\000a\000p\000a\000\040\000d\000e\000\040\000I\000n\000i\000c\000i\000a\000l\000i\000z\000a\000c\000i\000\363\000n\000\040\000\050\000D\000i\000a\000g\000r\000a\000m\000a\000:\000\040\000I\000n\000i\000t\000i\000a\000l\000i\000z\000a\000t\000i\000o\000n\000\051}{chapter.2}% 7
\BOOKMARK [2][-]{subsection.2.2.1}{\376\377\000I\000n\000i\000c\000i\000a\000l\000i\000z\000a\000c\000i\000\363\000n\000\040\000S\000e\000r\000i\000a\000l\000\040\000\050\000s\000e\000r\000i\000a\000l\000I\000n\000i\000t\000\050\000\051\000\051}{section.2.2}% 8
\BOOKMARK [2][-]{subsection.2.2.2}{\376\377\000I\000n\000i\000c\000i\000a\000l\000i\000z\000a\000c\000i\000\363\000n\000\040\000B\000l\000u\000e\000t\000o\000o\000t\000h\000\040\000\050\000b\000l\000u\000e\000t\000o\000o\000t\000h\000I\000n\000i\000t\000\050\000\051\000\051}{section.2.2}% 9
\BOOKMARK [2][-]{subsection.2.2.3}{\376\377\000I\000n\000i\000c\000i\000a\000l\000i\000z\000a\000c\000i\000\363\000n\000\040\000d\000e\000\040\000H\000a\000r\000d\000w\000a\000r\000e\000\040\000\050\000h\000a\000r\000d\000w\000a\000r\000e\000I\000n\000i\000t\000\050\000\051\000\051}{section.2.2}% 10
\BOOKMARK [1][-]{section.2.3}{\376\377\000C\000a\000p\000a\000\040\000d\000e\000\040\000E\000j\000e\000c\000u\000c\000i\000\363\000n\000\040\000\050\000D\000i\000a\000g\000r\000a\000m\000a\000:\000\040\000R\000u\000n\000t\000i\000m\000e\000\040\000/\000\040\000m\000a\000i\000n\000\040\000l\000o\000o\000p\000\051}{chapter.2}% 11
\BOOKMARK [1][-]{section.2.4}{\376\377\000S\000u\000b\000s\000i\000s\000t\000e\000m\000a\000\040\000d\000e\000\040\000R\000e\000c\000e\000p\000c\000i\000\363\000n\000\040\000B\000l\000u\000e\000t\000o\000o\000t\000h\000\040\000\050\000D\000i\000a\000g\000r\000a\000m\000a\000:\000\040\000B\000l\000u\000e\000t\000o\000o\000t\000h\000\040\000R\000X\000\040\000\050\000r\000e\000c\000e\000i\000v\000e\000r\000\051\000\051}{chapter.2}% 12
\BOOKMARK [2][-]{subsection.2.4.1}{\376\377\000P\000a\000q\000u\000e\000t\000e\000s\000\040\000d\000e\000\040\000E\000n\000t\000r\000a\000d\000a}{section.2.4}% 13
\BOOKMARK [1][-]{section.2.5}{\376\377\000M\000o\000d\000e\000l\000o\000\040\000d\000e\000\040\000D\000a\000t\000o\000s\000\040\000C\000o\000m\000p\000a\000r\000t\000i\000d\000o\000\040\000\050\000D\000i\000a\000g\000r\000a\000m\000a\000:\000\040\000p\000a\000c\000k\000e\000t\000s\000.\000h\000\051}{chapter.2}% 14
\BOOKMARK [1][-]{section.2.6}{\376\377\000C\000a\000p\000a\000\040\000d\000e\000\040\000C\000o\000n\000t\000r\000o\000l\000\040\000\050\000D\000i\000a\000g\000r\000a\000m\000a\000:\000\040\000C\000o\000n\000t\000r\000o\000l\000\040\000l\000a\000y\000e\000r\000\051}{chapter.2}% 15
\BOOKMARK [2][-]{subsection.2.6.1}{\376\377\000M\000a\000n\000e\000j\000o\000\040\000d\000e\000\040\000E\000v\000e\000n\000t\000o\000s}{section.2.6}% 16
\BOOKMARK [1][-]{section.2.7}{\376\377\000C\000a\000p\000a\000\040\000d\000e\000\040\000A\000b\000s\000t\000r\000a\000c\000c\000i\000\363\000n\000\040\000d\000e\000\040\000H\000a\000r\000d\000w\000a\000r\000e\000\040\000\050\000D\000i\000a\000g\000r\000a\000m\000a\000:\000\040\000H\000A\000L\000\040\000o\000u\000t\000p\000u\000t\000s\000\051}{chapter.2}% 17
\BOOKMARK [1][-]{section.2.8}{\376\377\000E\000x\000p\000a\000n\000s\000i\000\363\000n\000\040\000G\000P\000I\000O\000\040\000O\000p\000c\000i\000o\000n\000a\000l\000\040\000\050\000D\000i\000a\000g\000r\000a\000m\000a\000:\000\040\000M\000C\000P\0002\0003\0000\0001\0007\000\040\000\050\000o\000p\000t\000i\000o\000n\000a\000l\000\051\000\051}{chapter.2}% 18
\BOOKMARK [1][-]{section.2.9}{\376\377\000S\000u\000b\000s\000i\000s\000t\000e\000m\000a\000\040\000d\000e\000\040\000T\000e\000l\000e\000m\000e\000t\000r\000\355\000a\000\040\000\050\000D\000i\000a\000g\000r\000a\000m\000a\000:\000\040\000T\000e\000l\000e\000m\000e\000t\000r\000y\000\040\000T\000X\000\040\000y\000\040\000T\000e\000l\000e\000m\000e\000t\000r\000y\000\040\000s\000o\000u\000r\000c\000e\000s\000\051}{chapter.2}% 19
\BOOKMARK [2][-]{subsection.2.9.1}{\376\377\000C\000o\000m\000p\000o\000r\000t\000a\000m\000i\000e\000n\000t\000o\000\040\000C\000o\000n\000s\000c\000i\000e\000n\000t\000e\000\040\000d\000e\000\040\000l\000a\000\040\000C\000o\000n\000e\000x\000i\000\363\000n}{section.2.9}% 20
\BOOKMARK [2][-]{subsection.2.9.2}{\376\377\000F\000u\000e\000n\000t\000e\000s\000\040\000d\000e\000\040\000T\000e\000l\000e\000m\000e\000t\000r\000\355\000a}{section.2.9}% 21
\BOOKMARK [1][-]{section.2.10}{\376\377\000S\000u\000b\000s\000i\000s\000t\000e\000m\000a\000\040\000d\000e\000\040\000D\000e\000p\000u\000r\000a\000c\000i\000\363\000n\000\040\000\050\000D\000i\000a\000g\000r\000a\000m\000a\000:\000\040\000D\000e\000b\000u\000g\000\051}{chapter.2}% 22
\BOOKMARK [1][-]{section.2.11}{\376\377\000S\000u\000b\000s\000i\000s\000t\000e\000m\000a\000\040\000d\000e\000\040\000P\000u\000l\000s\000o\000s\000\040\000\050\000D\000i\000a\000g\000r\000a\000m\000a\000:\000\040\000P\000u\000l\000s\000e\000\040\000o\000u\000t\000p\000u\000t\000s\000\051}{chapter.2}% 23
\BOOKMARK [1][-]{section.2.12}{\376\377\000R\000e\000s\000u\000m\000e\000n\000:\000\040\000P\000o\000r\000\040\000q\000u\000\351\000\040\000l\000a\000\040\000A\000r\000q\000u\000i\000t\000e\000c\000t\000u\000r\000a\000\040\000e\000s\000t\000\341\000\040\000E\000s\000t\000r\000u\000c\000t\000u\000r\000a\000d\000a\000\040\000d\000e\000\040\000e\000s\000t\000a\000\040\000M\000a\000n\000e\000r\000a}{chapter.2}% 24
\BOOKMARK [0][-]{chapter.3}{\376\377\000C\000o\000n\000f\000i\000g\000u\000r\000a\000c\000i\000\363\000n\000\040\000d\000e\000\040\000H\000a\000r\000d\000w\000a\000r\000e}{}% 25
\BOOKMARK [1][-]{section.3.1}{\376\377\000P\000l\000a\000c\000a\000\040\000d\000e\000\040\000D\000e\000s\000a\000r\000r\000o\000l\000l\000o\000\040\000E\000S\000P\0003\0002}{chapter.3}% 26
\BOOKMARK [1][-]{section.3.2}{\376\377\000S\000a\000l\000i\000d\000a\000s\000\040\000d\000e\000\040\000C\000o\000n\000t\000r\000o\000l\000\040\000\050\000L\000o\000\040\000q\000u\000e\000\040\000C\000o\000n\000t\000r\000o\000l\000a\000\040\000l\000a\000\040\000A\000p\000p\000\051}{chapter.3}% 27
\BOOKMARK [1][-]{section.3.3}{\376\377\000C\000o\000n\000e\000x\000i\000\363\000n\000\040\000d\000e\000l\000\040\000D\000r\000i\000v\000e\000r\000\040\000d\000e\000\040\000M\000o\000t\000o\000r}{chapter.3}% 28
\BOOKMARK [1][-]{section.3.4}{\376\377\000C\000o\000n\000e\000x\000i\000o\000n\000e\000s\000\040\000d\000e\000\040\000S\000e\000r\000v\000o\000s}{chapter.3}% 29
\BOOKMARK [1][-]{section.3.5}{\376\377\000E\000n\000t\000r\000a\000d\000a\000s\000\040\000O\000p\000c\000i\000o\000n\000a\000l\000e\000s\000\040\000y\000\040\000S\000e\000n\000s\000o\000r\000e\000s\000\040\000d\000e\000\040\000T\000e\000l\000e\000m\000e\000t\000r\000\355\000a}{chapter.3}% 30
\BOOKMARK [1][-]{section.3.6}{\376\377\000F\000u\000e\000n\000t\000e\000\040\000d\000e\000\040\000A\000l\000i\000m\000e\000n\000t\000a\000c\000i\000\363\000n\000\040\000y\000\040\000S\000e\000g\000u\000r\000i\000d\000a\000d}{chapter.3}% 31
\BOOKMARK [2][-]{subsection.3.6.1}{\376\377\000E\000s\000q\000u\000e\000m\000a\000\040\000d\000e\000\040\000a\000l\000i\000m\000e\000n\000t\000a\000c\000i\000\363\000n\000\040\000r\000e\000c\000o\000m\000e\000n\000d\000a\000d\000o}{section.3.6}% 32
\BOOKMARK [2][-]{subsection.3.6.2}{\376\377\000T\000i\000e\000r\000r\000a\000\040\000\050\000G\000N\000D\000\051}{section.3.6}% 33
\BOOKMARK [2][-]{subsection.3.6.3}{\376\377\000N\000o\000t\000a\000s\000\040\000p\000r\000\341\000c\000t\000i\000c\000a\000s}{section.3.6}% 34
\BOOKMARK [0][-]{chapter.4}{\376\377\000C\000a\000r\000g\000a\000\040\000d\000e\000l\000\040\000F\000i\000r\000m\000w\000a\000r\000e}{}% 35
\BOOKMARK [1][-]{section.4.1}{\376\377\000I\000n\000s\000t\000a\000l\000a\000r\000\040\000e\000l\000\040\000I\000D\000E\000\040\000d\000e\000\040\000A\000r\000d\000u\000i\000n\000o}{chapter.4}% 36
\BOOKMARK [1][-]{section.4.2}{\376\377\000I\000n\000s\000t\000a\000l\000a\000r\000\040\000e\000l\000\040\000S\000o\000p\000o\000r\000t\000e\000\040\000d\000e\000\040\000P\000l\000a\000c\000a\000s\000\040\000E\000S\000P\0003\0002}{chapter.4}% 37
\BOOKMARK [1][-]{section.4.3}{\376\377\000D\000e\000s\000c\000a\000r\000g\000a\000r\000\040\000e\000l\000\040\000F\000i\000r\000m\000w\000a\000r\000e}{chapter.4}% 38
\BOOKMARK [1][-]{section.4.4}{\376\377\000A\000b\000r\000i\000r\000\040\000e\000l\000\040\000P\000r\000o\000y\000e\000c\000t\000o\000\040\000d\000e\000l\000\040\000F\000i\000r\000m\000w\000a\000r\000e}{chapter.4}% 39
\BOOKMARK [1][-]{section.4.5}{\376\377\000S\000e\000l\000e\000c\000c\000i\000o\000n\000a\000r\000\040\000l\000a\000\040\000P\000l\000a\000c\000a\000\040\000E\000S\000P\0003\0002}{chapter.4}% 40
\BOOKMARK [1][-]{section.4.6}{\376\377\000C\000o\000n\000f\000i\000g\000u\000r\000a\000r\000\040\000P\000a\000r\000\341\000m\000e\000t\000r\000o\000s\000\040\000d\000e\000\040\000l\000a\000\040\000P\000l\000a\000c\000a}{chapter.4}% 41
\BOOKMARK [1][-]{section.4.7}{\376\377\000C\000o\000n\000e\000c\000t\000a\000r\000\040\000l\000a\000\040\000P\000l\000a\000c\000a\000\040\000E\000S\000P\0003\0002}{chapter.4}% 42
\BOOKMARK [1][-]{section.4.8}{\376\377\000C\000o\000m\000p\000i\000l\000a\000r\000\040\000e\000l\000\040\000F\000i\000r\000m\000w\000a\000r\000e}{chapter.4}% 43
\BOOKMARK [1][-]{section.4.9}{\376\377\000C\000a\000r\000g\000a\000r\000\040\000e\000l\000\040\000F\000i\000r\000m\000w\000a\000r\000e}{chapter.4}% 44
\BOOKMARK [1][-]{section.4.10}{\376\377\000V\000e\000r\000i\000f\000i\000c\000a\000r\000\040\000e\000l\000\040\000F\000u\000n\000c\000i\000o\000n\000a\000m\000i\000e\000n\000t\000o\000\040\000d\000e\000l\000\040\000F\000i\000r\000m\000w\000a\000r\000e}{chapter.4}% 45
\BOOKMARK [1][-]{section.4.11}{\376\377\000S\000i\000g\000u\000i\000e\000n\000t\000e\000\040\000P\000a\000s\000o}{chapter.4}% 46
\BOOKMARK [0][-]{chapter.5}{\376\377\000C\000o\000n\000e\000x\000i\000\363\000n\000\040\000d\000e\000\040\000l\000a\000\040\000A\000p\000l\000i\000c\000a\000c\000i\000\363\000n\000\040\000A\000n\000d\000r\000o\000i\000d}{}% 47
\BOOKMARK [1][-]{section.5.1}{\376\377\000I\000n\000s\000t\000a\000l\000a\000r\000\040\000l\000a\000\040\000A\000p\000l\000i\000c\000a\000c\000i\000\363\000n}{chapter.5}% 48
\BOOKMARK [1][-]{section.5.2}{\376\377\000A\000c\000t\000i\000v\000a\000r\000\040\000B\000l\000u\000e\000t\000o\000o\000t\000h}{chapter.5}% 49
\BOOKMARK [1][-]{section.5.3}{\376\377\000C\000o\000n\000e\000c\000t\000a\000r\000s\000e\000\040\000a\000l\000\040\000E\000S\000P\0003\0002}{chapter.5}% 50
\BOOKMARK [1][-]{section.5.4}{\376\377\000E\000s\000t\000a\000d\000o\000\040\000d\000e\000\040\000C\000o\000n\000e\000x\000i\000\363\000n}{chapter.5}% 51
\BOOKMARK [1][-]{section.5.5}{\376\377\000M\000o\000d\000o\000\040\000D\000e\000b\000u\000g\000\040\000\050\000V\000e\000r\000\040\000l\000a\000\040\000C\000o\000m\000u\000n\000i\000c\000a\000c\000i\000\363\000n\000\040\000B\000l\000u\000e\000t\000o\000o\000t\000h\000\051}{chapter.5}% 52
\BOOKMARK [2][-]{subsection.5.5.1}{\376\377\000A\000c\000t\000i\000v\000a\000r\000\040\000e\000l\000\040\000M\000o\000d\000o\000\040\000D\000e\000b\000u\000g}{section.5.5}% 53
\BOOKMARK [2][-]{subsection.5.5.2}{\376\377\000A\000b\000r\000i\000r\000\040\000e\000l\000\040\000M\000o\000n\000i\000t\000o\000r\000\040\000S\000e\000r\000i\000e}{section.5.5}% 54
\BOOKMARK [2][-]{subsection.5.5.3}{\376\377\000S\000a\000l\000i\000d\000a\000\040\000d\000e\000\040\000D\000e\000p\000u\000r\000a\000c\000i\000\363\000n}{section.5.5}% 55
\BOOKMARK [2][-]{subsection.5.5.4}{\376\377\000S\000o\000l\000u\000c\000i\000\363\000n\000\040\000d\000e\000\040\000P\000r\000o\000b\000l\000e\000m\000a\000s\000\040\000U\000s\000a\000n\000d\000o\000\040\000e\000l\000\040\000M\000o\000d\000o\000\040\000D\000e\000b\000u\000g}{section.5.5}% 56
\BOOKMARK [1][-]{section.5.6}{\376\377\000U\000s\000a\000r\000\040\000e\000l\000\040\000M\000o\000d\000o\000\040\000D\000e\000b\000u\000g\000\040\000p\000a\000r\000a\000\040\000V\000e\000r\000i\000f\000i\000c\000a\000r\000\040\000l\000a\000\040\000C\000o\000m\000u\000n\000i\000c\000a\000c\000i\000\363\000n}{chapter.5}% 57
\BOOKMARK [2][-]{subsection.5.6.1}{\376\377\000P\000a\000s\000o\000\040\0001\000:\000\040\000A\000c\000t\000i\000v\000a\000r\000\040\000e\000l\000\040\000M\000o\000d\000o\000\040\000D\000e\000b\000u\000g}{section.5.6}% 58
\BOOKMARK [2][-]{subsection.5.6.2}{\376\377\000P\000a\000s\000o\000\040\0002\000:\000\040\000A\000b\000r\000i\000r\000\040\000e\000l\000\040\000M\000o\000n\000i\000t\000o\000r\000\040\000S\000e\000r\000i\000e}{section.5.6}% 59
\BOOKMARK [2][-]{subsection.5.6.3}{\376\377\000P\000a\000s\000o\000\040\0003\000:\000\040\000M\000o\000v\000e\000r\000\040\000C\000o\000n\000t\000r\000o\000l\000e\000s\000\040\000e\000n\000\040\000l\000a\000\040\000A\000p\000p}{section.5.6}% 60
\BOOKMARK [1][-]{section.5.7}{\376\377\000T\000i\000p\000o\000s\000\040\000d\000e\000\040\000S\000a\000l\000i\000d\000a\000\040\000d\000e\000\040\000D\000e\000p\000u\000r\000a\000c\000i\000\363\000n}{chapter.5}% 61
\BOOKMARK [2][-]{subsection.5.7.1}{\376\377\000D\000e\000p\000u\000r\000a\000c\000i\000\363\000n\000\040\000d\000e\000\040\000J\000o\000y\000s\000t\000i\000c\000k\000\040\000\050\000S\000t\000i\000c\000k\000s\000\051}{section.5.7}% 62
\BOOKMARK [2][-]{subsection.5.7.2}{\376\377\000D\000e\000p\000u\000r\000a\000c\000i\000\363\000n\000\040\000d\000e\000\040\000P\000e\000r\000i\000l\000l\000a\000s\000\040\000\050\000K\000n\000o\000b\000s\000\051}{section.5.7}% 63
\BOOKMARK [2][-]{subsection.5.7.3}{\376\377\000D\000e\000p\000u\000r\000a\000c\000i\000\363\000n\000\040\000d\000e\000\040\000I\000n\000t\000e\000r\000r\000u\000p\000t\000o\000r\000e\000s\000\040\000\050\000S\000w\000i\000t\000c\000h\000e\000s\000\051}{section.5.7}% 64
\BOOKMARK [2][-]{subsection.5.7.4}{\376\377\000D\000e\000p\000u\000r\000a\000c\000i\000\363\000n\000\040\000d\000e\000\040\000E\000v\000e\000n\000t\000o\000s}{section.5.7}% 65
\BOOKMARK [1][-]{section.5.8}{\376\377\000D\000e\000p\000u\000r\000a\000c\000i\000\363\000n\000\040\000d\000e\000l\000\040\000S\000i\000s\000t\000e\000m\000a\000\040\000d\000e\000\040\000T\000e\000l\000e\000m\000e\000t\000r\000\355\000a}{chapter.5}% 66
\BOOKMARK [2][-]{subsection.5.8.1}{\376\377\000O\000p\000e\000r\000a\000c\000i\000\363\000n\000\040\000N\000o\000r\000m\000a\000l}{section.5.8}% 67
\BOOKMARK [2][-]{subsection.5.8.2}{\376\377\000M\000o\000d\000o\000\040\000D\000e\000b\000u\000g\000\040\000d\000e\000\040\000P\000a\000n\000e\000l\000\040\000N\000u\000m\000\351\000r\000i\000c\000o}{section.5.8}% 68
\BOOKMARK [2][-]{subsection.5.8.3}{\376\377\000M\000o\000d\000o\000\040\000D\000e\000b\000u\000g\000\040\000d\000e\000\040\000I\000n\000d\000i\000c\000a\000d\000o\000r\000e\000s}{section.5.8}% 69
\BOOKMARK [2][-]{subsection.5.8.4}{\376\377\000M\000o\000d\000o\000\040\000D\000e\000b\000u\000g\000\040\000d\000e\000\040\000G\000r\000\341\000f\000i\000c\000a\000s\000\040\000\050\000P\000l\000o\000t\000\051}{section.5.8}% 70
\BOOKMARK [2][-]{subsection.5.8.5}{\376\377\000C\000\363\000m\000o\000\040\000F\000u\000n\000c\000i\000o\000n\000a\000\040\000e\000l\000\040\000S\000i\000s\000t\000e\000m\000a\000\040\000d\000e\000\040\000D\000e\000p\000u\000r\000a\000c\000i\000\363\000n\000\040\000d\000e\000\040\000T\000e\000l\000e\000m\000e\000t\000r\000\355\000a}{section.5.8}% 71
\BOOKMARK [1][-]{section.5.9}{\376\377\000P\000o\000r\000\040\000Q\000u\000\351\000\040\000e\000l\000\040\000M\000o\000d\000o\000\040\000D\000e\000b\000u\000g\000\040\000e\000s\000\040\000I\000m\000p\000o\000r\000t\000a\000n\000t\000e}{chapter.5}% 72
\BOOKMARK [1][-]{section.5.10}{\376\377\000P\000e\000r\000s\000o\000n\000a\000l\000i\000z\000a\000r\000\040\000E\000t\000i\000q\000u\000e\000t\000a\000s\000\040\000d\000e\000\040\000T\000e\000l\000e\000m\000e\000t\000r\000\355\000a\000\040\000e\000n\000\040\000l\000a\000\040\000A\000p\000l\000i\000c\000a\000c\000i\000\363\000n\000\040\000A\000n\000d\000r\000o\000i\000d}{chapter.5}% 73
\BOOKMARK [2][-]{subsection.5.10.1}{\376\377\000D\000\363\000n\000d\000e\000\040\000s\000e\000\040\000D\000e\000f\000i\000n\000e\000n\000\040\000l\000a\000s\000\040\000E\000t\000i\000q\000u\000e\000t\000a\000s}{section.5.10}% 74
\BOOKMARK [2][-]{subsection.5.10.2}{\376\377\000E\000t\000i\000q\000u\000e\000t\000a\000s\000\040\000d\000e\000\040\000G\000r\000\341\000f\000i\000c\000a\000s\000\040\000\050\000P\000l\000o\000t\000\051}{section.5.10}% 75
\BOOKMARK [2][-]{subsection.5.10.3}{\376\377\000E\000t\000i\000q\000u\000e\000t\000a\000s\000\040\000d\000e\000\040\000P\000a\000n\000e\000l\000\040\000N\000u\000m\000\351\000r\000i\000c\000o}{section.5.10}% 76
\BOOKMARK [2][-]{subsection.5.10.4}{\376\377\000E\000t\000i\000q\000u\000e\000t\000a\000s\000\040\000d\000e\000\040\000I\000n\000d\000i\000c\000a\000d\000o\000r\000e\000s}{section.5.10}% 77
\BOOKMARK [2][-]{subsection.5.10.5}{\376\377\000C\000u\000\341\000n\000d\000o\000\040\000s\000e\000\040\000E\000n\000v\000\355\000a\000n\000\040\000l\000a\000s\000\040\000E\000t\000i\000q\000u\000e\000t\000a\000s}{section.5.10}% 78
\BOOKMARK [2][-]{subsection.5.10.6}{\376\377\000N\000o\000t\000a\000s\000\040\000I\000m\000p\000o\000r\000t\000a\000n\000t\000e\000s}{section.5.10}% 79
\BOOKMARK [0][-]{chapter.6}{\376\377\000C\000o\000n\000t\000r\000o\000l\000e\000s\000\040\000B\000\341\000s\000i\000c\000o\000s}{}% 80
\BOOKMARK [1][-]{section.6.1}{\376\377\000D\000i\000s\000t\000r\000i\000b\000u\000c\000i\000\363\000n\000\040\000d\000e\000\040\000l\000a\000\040\000P\000a\000n\000t\000a\000l\000l\000a\000\040\000R\000C}{chapter.6}% 81
\BOOKMARK [1][-]{section.6.2}{\376\377\000C\000o\000n\000t\000r\000o\000l\000\040\000c\000o\000n\000\040\000J\000o\000y\000s\000t\000i\000c\000k}{chapter.6}% 82
\BOOKMARK [1][-]{section.6.3}{\376\377\000I\000n\000t\000e\000r\000r\000u\000p\000t\000o\000r\000e\000s\000\040\000\050\000C\000a\000n\000a\000l\000e\000s\000\040\000D\000i\000s\000c\000r\000e\000t\000o\000s\000\051}{chapter.6}% 83
\BOOKMARK [1][-]{section.6.4}{\376\377\000P\000e\000r\000i\000l\000l\000a\000s\000\040\000\050\000C\000a\000n\000a\000l\000e\000s\000\040\000A\000n\000a\000l\000\363\000g\000i\000c\000o\000s\000\051}{chapter.6}% 84
\BOOKMARK [1][-]{section.6.5}{\376\377\000B\000o\000t\000o\000n\000e\000s\000\040\000C\000e\000n\000t\000r\000a\000l\000e\000s}{chapter.6}% 85
\BOOKMARK [1][-]{section.6.6}{\376\377\000I\000n\000d\000i\000c\000a\000d\000o\000r\000e\000s\000\040\000y\000\040\000T\000e\000l\000e\000m\000e\000t\000r\000\355\000a}{chapter.6}% 86
\BOOKMARK [1][-]{section.6.7}{\376\377\000R\000e\000s\000u\000m\000e\000n}{chapter.6}% 87
\BOOKMARK [0][-]{chapter.7}{\376\377\000P\000e\000r\000s\000o\000n\000a\000l\000i\000z\000a\000c\000i\000\363\000n\000\040\000d\000e\000\040\000t\000u\000\040\000P\000r\000o\000y\000e\000c\000t\000o}{}% 88
\BOOKMARK [1][-]{section.7.1}{\376\377\000M\000a\000p\000e\000o\000\040\000d\000e\000\040\000P\000i\000n\000e\000s\000\040\000\050\000p\000i\000n\000s\000.\000h\000\051\000\040\000y\000\040\000M\000o\000d\000o\000s\000\040\000d\000e\000\040\000P\000r\000o\000y\000e\000c\000t\000o}{chapter.7}% 89
\BOOKMARK [2][-]{subsection.7.1.1}{\376\377\000B\000u\000s\000\040\000I\0002\000C\000\040\000\050\000r\000e\000s\000e\000r\000v\000a\000d\000o\000\040\000/\000\040\000b\000u\000s\000\040\000M\000C\000P\000\051}{section.7.1}% 90
\BOOKMARK [2][-]{subsection.7.1.2}{\376\377\000S\000a\000l\000i\000d\000a\000s\000\040\000P\000W\000M\000\040\000\050\0006\000\040\000e\000n\000\040\000t\000o\000t\000a\000l\000\051}{section.7.1}% 91
\BOOKMARK [2][-]{subsection.7.1.3}{\376\377\000S\000a\000l\000i\000d\000a\000s\000\040\000d\000e\000\040\000d\000i\000r\000e\000c\000c\000i\000\363\000n\000\040\000d\000e\000\040\000m\000o\000t\000o\000r\000\040\000\050\0002\000\051}{section.7.1}% 92
\BOOKMARK [2][-]{subsection.7.1.4}{\376\377\000E\000n\000t\000r\000a\000d\000a\000s\000\040\000a\000n\000a\000l\000\363\000g\000i\000c\000a\000s\000\040\000\050\000A\000D\000C\0001\000\040\000s\000e\000g\000u\000r\000a\000s\000\051}{section.7.1}% 93
\BOOKMARK [2][-]{subsection.7.1.5}{\376\377\000E\000n\000t\000r\000a\000d\000a\000s\000\040\000d\000i\000g\000i\000t\000a\000l\000e\000s\000\040\000\050\000i\000n\000d\000i\000c\000a\000d\000o\000r\000e\000s\000\051\000\040\000e\000n\000\040\000m\000o\000d\000o\000\040\000d\000i\000r\000e\000c\000t\000o}{section.7.1}% 94
\BOOKMARK [2][-]{subsection.7.1.6}{\376\377\000S\000a\000l\000i\000d\000a\000s\000\040\000d\000e\000\040\000i\000n\000t\000e\000r\000r\000u\000p\000t\000o\000r\000e\000s\000\040\000\050\000m\000o\000d\000o\000\040\000d\000i\000r\000e\000c\000t\000o\000\051}{section.7.1}% 95
\BOOKMARK [2][-]{subsection.7.1.7}{\376\377\000S\000a\000l\000i\000d\000a\000s\000\040\000d\000e\000\040\000p\000u\000l\000s\000o\000\040\000\050\000b\000o\000t\000o\000n\000e\000s\000\040\000d\000e\000\040\000e\000v\000e\000n\000t\000o\000\040\000A\000n\000d\000r\000o\000i\000d\000\051}{section.7.1}% 96
\BOOKMARK [1][-]{section.7.2}{\376\377\000A\000g\000r\000e\000g\000a\000r\000\040\000S\000e\000n\000s\000o\000r\000e\000s\000\040\000\050\000F\000u\000e\000n\000t\000e\000s\000\040\000d\000e\000\040\000T\000e\000l\000e\000m\000e\000t\000r\000\355\000a\000\051}{chapter.7}% 97
\BOOKMARK [2][-]{subsection.7.2.1}{\376\377\000S\000e\000n\000s\000o\000r\000e\000s\000\040\000a\000n\000a\000l\000\363\000g\000i\000c\000o\000s}{section.7.2}% 98
\BOOKMARK [2][-]{subsection.7.2.2}{\376\377\000S\000e\000n\000s\000o\000r\000e\000s\000\040\000I\0002\000C}{section.7.2}% 99
\BOOKMARK [1][-]{section.7.3}{\376\377\000U\000s\000o\000\040\000d\000e\000\040\000M\000C\000P\0002\0003\0000\0001\0007\000\040\000\050\000E\000x\000p\000a\000n\000s\000i\000\363\000n\000\040\000G\000P\000I\000O\000\051}{chapter.7}% 100
\BOOKMARK [1][-]{section.7.4}{\376\377\000L\000i\000s\000t\000a\000\040\000P\000r\000\341\000c\000t\000i\000c\000a\000\040\000a\000l\000\040\000P\000e\000r\000s\000o\000n\000a\000l\000i\000z\000a\000r}{chapter.7}% 101
\BOOKMARK [0][-]{chapter.8}{\376\377\000P\000r\000o\000y\000e\000c\000t\000o\000s\000\040\000d\000e\000\040\000E\000j\000e\000m\000p\000l\000o}{}% 102
\BOOKMARK [1][-]{section.8.1}{\376\377\000A\000u\000t\000o\000\040\000R\000C\000\040\000\050\000T\000r\000a\000c\000c\000i\000\363\000n\000\040\000D\000i\000f\000e\000r\000e\000n\000c\000i\000a\000l\000\051}{chapter.8}% 103
\BOOKMARK [1][-]{section.8.2}{\376\377\000P\000l\000a\000t\000a\000f\000o\000r\000m\000a\000\040\000d\000e\000\040\000C\000o\000n\000t\000r\000o\000l\000\040\000d\000e\000\040\000C\000\341\000m\000a\000r\000a\000\040\000\050\000C\000a\000b\000e\000z\000a\000l\000\040\000P\000a\000n\000/\000T\000i\000l\000t\000\051}{chapter.8}% 104
\BOOKMARK [1][-]{section.8.3}{\376\377\000R\000o\000v\000e\000r\000\040\000c\000o\000n\000\040\000S\000e\000n\000s\000o\000r\000e\000s\000\040\000\050\000C\000o\000n\000s\000t\000r\000u\000c\000c\000i\000\363\000n\000\040\040\034\000T\000e\000l\000e\000m\000e\000t\000r\000y\000-\000F\000i\000r\000s\000t\040\035\000\051}{chapter.8}% 105
\BOOKMARK [1][-]{section.8.4}{\376\377\000P\000l\000a\000t\000a\000f\000o\000r\000m\000a\000\040\000R\000o\000b\000\363\000t\000i\000c\000a\000\040\000P\000e\000r\000s\000o\000n\000a\000l\000i\000z\000a\000d\000a\000\040\000\050\000M\000o\000d\000u\000l\000a\000r\000,\000\040\000E\000x\000p\000a\000n\000d\000i\000b\000l\000e\000\051}{chapter.8}% 106
\BOOKMARK [1][-]{section.8.5}{\376\377\000L\000i\000s\000t\000a\000\040\000d\000e\000\040\000V\000e\000r\000i\000f\000i\000c\000a\000c\000i\000\363\000n\000\040\000p\000a\000r\000a\000\040\000P\000l\000a\000n\000i\000f\000i\000c\000a\000c\000i\000\363\000n\000\040\000d\000e\000l\000\040\000P\000r\000o\000y\000e\000c\000t\000o\000\040\000\050\000R\000e\000c\000o\000m\000e\000n\000d\000a\000d\000a\000\051}{chapter.8}% 107
\BOOKMARK [0][-]{chapter.9}{\376\377\000D\000i\000a\000g\000r\000a\000m\000a\000s\000\040\000d\000e\000\040\000C\000a\000b\000l\000e\000a\000d\000o}{}% 108
\BOOKMARK [1][-]{section.9.1}{\376\377\000C\000a\000b\000l\000e\000a\000d\000o\000\040\000B\000\341\000s\000i\000c\000o\000\040\000d\000e\000\040\000R\000o\000b\000o\000t}{chapter.9}% 109
\BOOKMARK [1][-]{section.9.2}{\376\377\000E\000j\000e\000m\000p\000l\000o\000\040\000d\000e\000\040\000C\000o\000n\000t\000r\000o\000l\000\040\000d\000e\000\040\000S\000e\000r\000v\000o}{chapter.9}% 110
\BOOKMARK [1][-]{section.9.3}{\376\377\000S\000a\000l\000i\000d\000a\000s\000\040\000p\000a\000r\000a\000\040\000L\000E\000D\000\040\000y\000\040\000Z\000u\000m\000b\000a\000d\000o\000r}{chapter.9}% 111
\BOOKMARK [1][-]{section.9.4}{\376\377\000C\000o\000n\000e\000x\000i\000o\000n\000e\000s\000\040\000d\000e\000\040\000S\000e\000n\000s\000o\000r\000e\000s}{chapter.9}% 112
\BOOKMARK [0][-]{chapter.10}{\376\377\000S\000o\000l\000u\000c\000i\000\363\000n\000\040\000d\000e\000\040\000P\000r\000o\000b\000l\000e\000m\000a\000s}{}% 113
\BOOKMARK [1][-]{section.10.1}{\376\377\000A\000n\000t\000e\000s\000\040\000d\000e\000\040\000E\000m\000p\000e\000z\000a\000r\000:\000\040\000L\000i\000s\000t\000a\000\040\000R\000\341\000p\000i\000d\000a}{chapter.10}% 114
\BOOKMARK [1][-]{section.10.2}{\376\377\000E\000l\000\040\000F\000i\000r\000m\000w\000a\000r\000e\000\040\000d\000e\000l\000\040\000E\000S\000P\0003\0002\000\040\000N\000o\000\040\000S\000e\000\040\000C\000a\000r\000g\000a}{chapter.10}% 115
\BOOKMARK [1][-]{section.10.3}{\376\377\000E\000l\000\040\000E\000S\000P\0003\0002\000\040\000E\000n\000c\000i\000e\000n\000d\000e\000\040\000p\000e\000r\000o\000\040\000S\000e\000\040\000R\000e\000i\000n\000i\000c\000i\000a\000\040\000A\000l\000e\000a\000t\000o\000r\000i\000a\000m\000e\000n\000t\000e}{chapter.10}% 116
\BOOKMARK [1][-]{section.10.4}{\376\377\000P\000r\000o\000b\000l\000e\000m\000a\000s\000\040\000d\000e\000\040\000E\000m\000p\000a\000r\000e\000j\000a\000m\000i\000e\000n\000t\000o\000\040\000y\000\040\000C\000o\000n\000e\000x\000i\000\363\000n\000\040\000B\000l\000u\000e\000t\000o\000o\000t\000h\000\040\000\050\000A\000n\000d\000r\000o\000i\000d\000\040\000<\000-\000>\000\040\000E\000S\000P\0003\0002\000\051}{chapter.10}% 117
\BOOKMARK [1][-]{section.10.5}{\376\377\000L\000o\000s\000\040\000C\000o\000n\000t\000r\000o\000l\000e\000s\000\040\000S\000e\000\040\000S\000i\000e\000n\000t\000e\000n\000\040\000M\000a\000l\000\040\000e\000n\000\040\000l\000a\000\040\000A\000p\000p\000\040\000\050\000L\000a\000d\000o\000\040\000A\000n\000d\000r\000o\000i\000d\000\051}{chapter.10}% 118
\BOOKMARK [1][-]{section.10.6}{\376\377\000L\000o\000s\000\040\000M\000o\000t\000o\000r\000e\000s\000\040\000N\000o\000\040\000S\000e\000\040\000M\000u\000e\000v\000e\000n}{chapter.10}% 119
\BOOKMARK [1][-]{section.10.7}{\376\377\000E\000l\000\040\000S\000e\000r\000v\000o\000\040\000N\000o\000\040\000R\000e\000s\000p\000o\000n\000d\000e\000\040\000o\000\040\000T\000i\000e\000m\000b\000l\000a}{chapter.10}% 120
\BOOKMARK [1][-]{section.10.8}{\376\377\000L\000o\000s\000\040\000D\000a\000t\000o\000s\000\040\000d\000e\000\040\000T\000e\000l\000e\000m\000e\000t\000r\000\355\000a\000\040\000N\000o\000\040\000A\000p\000a\000r\000e\000c\000e\000n\000\040\000e\000n\000\040\000l\000a\000\040\000A\000p\000p}{chapter.10}% 121
\BOOKMARK [1][-]{section.10.9}{\376\377\000D\000i\000s\000p\000o\000s\000i\000t\000i\000v\000o\000s\000\040\000I\0002\000C\000\040\000N\000o\000\040\000D\000e\000t\000e\000c\000t\000a\000d\000o\000s\000\040\000\050\000M\000C\000P\0002\0003\0000\0001\0007\000\040\000o\000\040\000S\000e\000n\000s\000o\000r\000e\000s\000\051}{chapter.10}% 122
\BOOKMARK [1][-]{section.10.10}{\376\377\000C\000o\000n\000s\000e\000j\000o\000s\000\040\000G\000e\000n\000e\000r\000a\000l\000e\000s\000\040\000d\000e\000\040\000D\000e\000p\000u\000r\000a\000c\000i\000\363\000n\000\040\000\050\000F\000l\000u\000j\000o\000\040\000R\000e\000c\000o\000m\000e\000n\000d\000a\000d\000o\000\051}{chapter.10}% 123
\BOOKMARK [0][-]{chapter.11}{\376\377\000F\000u\000n\000c\000i\000o\000n\000e\000s\000\040\000A\000v\000a\000n\000z\000a\000d\000a\000s}{}% 124
\BOOKMARK [1][-]{section.11.1}{\376\377\000R\000e\000s\000u\000m\000e\000n\000\040\000d\000e\000l\000\040\000P\000r\000o\000t\000o\000c\000o\000l\000o\000:\000\040\000C\000o\000m\000a\000n\000d\000o\000s\000,\000\040\000E\000v\000e\000n\000t\000o\000s\000\040\000y\000\040\000T\000e\000l\000e\000m\000e\000t\000r\000\355\000a}{chapter.11}% 125
\BOOKMARK [1][-]{section.11.2}{\376\377\000S\000i\000s\000t\000e\000m\000a\000\040\000d\000e\000\040\000T\000e\000l\000e\000m\000e\000t\000r\000\355\000a\000\040\000\050\000P\000a\000n\000e\000l\000e\000s\000,\000\040\000I\000n\000d\000i\000c\000a\000d\000o\000r\000e\000s\000,\000\040\000G\000r\000\341\000f\000i\000c\000a\000s\000\051}{chapter.11}% 126
\BOOKMARK [2][-]{subsection.11.2.1}{\376\377\000C\000a\000t\000e\000g\000o\000r\000\355\000a\000s\000\040\000d\000e\000\040\000t\000e\000l\000e\000m\000e\000t\000r\000\355\000a}{section.11.2}% 127
\BOOKMARK [2][-]{subsection.11.2.2}{\376\377\000F\000r\000e\000c\000u\000e\000n\000c\000i\000a\000s\000\040\000d\000e\000\040\000a\000c\000t\000u\000a\000l\000i\000z\000a\000c\000i\000\363\000n\000\040\000d\000e\000\040\000t\000e\000l\000e\000m\000e\000t\000r\000\355\000a\000\040\000\050\000s\000i\000g\000n\000i\000f\000i\000c\000a\000d\000o\000\040\000p\000r\000\341\000c\000t\000i\000c\000o\000\051}{section.11.2}% 128
\BOOKMARK [2][-]{subsection.11.2.3}{\376\377\000H\000a\000n\000d\000s\000h\000a\000k\000e\000\040\000a\000u\000t\000o\000m\000\341\000t\000i\000c\000o\000\040\000d\000e\000\040\000c\000o\000n\000f\000i\000g\000u\000r\000a\000c\000i\000\363\000n\000\040\000\050\000e\000t\000i\000q\000u\000e\000t\000a\000s\000\051}{section.11.2}% 129
\BOOKMARK [2][-]{subsection.11.2.4}{\376\377\000V\000e\000n\000t\000a\000n\000a\000\040\000d\000e\000\040\000r\000e\000e\000n\000v\000\355\000o\000\040\000d\000e\000\040\000p\000a\000n\000e\000l\000\040\000\050\000c\000a\000r\000a\000c\000t\000e\000r\000\355\000s\000t\000i\000c\000a\000\040\000d\000e\000\040\000r\000o\000b\000u\000s\000t\000e\000z\000\051}{section.11.2}% 130
\BOOKMARK [1][-]{section.11.3}{\376\377\000F\000u\000e\000n\000t\000e\000s\000\040\000d\000e\000\040\000T\000e\000l\000e\000m\000e\000t\000r\000\355\000a\000\040\000e\000\040\000I\000n\000y\000e\000c\000c\000i\000\363\000n\000\040\000d\000e\000\040\000D\000e\000b\000u\000g}{chapter.11}% 131
\BOOKMARK [1][-]{section.11.4}{\376\377\000M\000o\000d\000o\000s\000\040\000d\000e\000\040\000P\000r\000o\000y\000e\000c\000t\000o\000:\000\040\000S\000o\000l\000o\000\040\000E\000S\000P\0003\0002\000\040\000v\000s\000\040\000E\000x\000p\000a\000n\000s\000i\000\363\000n\000\040\000M\000C\000P\0002\0003\0000\0001\0007}{chapter.11}% 132
\BOOKMARK [1][-]{section.11.5}{\376\377\000U\000s\000o\000\040\000d\000e\000l\000\040\000E\000x\000p\000a\000n\000s\000o\000r\000\040\000G\000P\000I\000O\000\040\000M\000C\000P\0002\0003\0000\0001\0007\000\040\000\050\000I\0002\000C\000\051}{chapter.11}% 133
\BOOKMARK [2][-]{subsection.11.5.1}{\376\377\000D\000e\000t\000a\000l\000l\000e\000s\000\040\000c\000l\000a\000v\000e\000\040\000\050\000d\000e\000s\000d\000e\000\040\000l\000a\000\040\000i\000m\000p\000l\000e\000m\000e\000n\000t\000a\000c\000i\000\363\000n\000\051}{section.11.5}% 134
\BOOKMARK [2][-]{subsection.11.5.2}{\376\377\000A\000p\000l\000i\000c\000a\000c\000i\000o\000n\000e\000s\000\040\000p\000r\000\341\000c\000t\000i\000c\000a\000s}{section.11.5}% 135
\BOOKMARK [1][-]{section.11.6}{\376\377\000S\000o\000p\000o\000r\000t\000e\000\040\000d\000e\000\040\000S\000e\000n\000s\000o\000r\000e\000s\000\040\000I\0002\000C\000\040\000\050\000E\000j\000e\000m\000p\000l\000o\000s\000\040\000I\000n\000c\000l\000u\000i\000d\000o\000s\000\051}{chapter.11}% 136
\BOOKMARK [1][-]{section.11.7}{\376\377\000D\000i\000s\000e\000\361\000o\000\040\000d\000e\000\040\000E\000n\000t\000r\000a\000d\000a\000\040\000A\000n\000a\000l\000\363\000g\000i\000c\000a\000\040\000p\000a\000r\000a\000\040\000C\000o\000m\000p\000a\000t\000i\000b\000i\000l\000i\000d\000a\000d\000\040\000c\000o\000n\000\040\000B\000l\000u\000e\000t\000o\000o\000t\000h}{chapter.11}% 137
\BOOKMARK [1][-]{section.11.8}{\376\377\000F\000e\000a\000t\000u\000r\000e\000\040\000F\000l\000a\000g\000s\000\040\000\050\000F\000i\000r\000m\000w\000a\000r\000e\000\040\000M\000o\000d\000u\000l\000a\000r\000\040\000e\000n\000\040\000T\000i\000e\000m\000p\000o\000\040\000d\000e\000\040\000C\000o\000m\000p\000i\000l\000a\000c\000i\000\363\000n\000\051}{chapter.11}% 138
\BOOKMARK [1][-]{section.11.9}{\376\377\000U\000n\000i\000e\000n\000d\000o\000\040\000T\000o\000d\000o\000:\000\040\000E\000j\000e\000m\000p\000l\000o\000\040\000d\000e\000\040\000`\000`\000C\000o\000n\000s\000t\000r\000u\000c\000c\000i\000\363\000n\000\040\000A\000v\000a\000n\000z\000a\000d\000a\000'\000'}{chapter.11}% 139
\BOOKMARK [0][-]{chapter.12}{\376\377\000E\000j\000e\000m\000p\000l\000o\000s\000\040\000P\000r\000\341\000c\000t\000i\000c\000o\000s\000\040\000d\000e\000\040\000C\000o\000n\000t\000r\000o\000l\000\040\000y\000\040\000T\000e\000l\000e\000m\000e\000t\000r\000\355\000a}{}% 140
\BOOKMARK [1][-]{section.12.1}{\376\377\000I\000n\000t\000r\000o\000d\000u\000c\000c\000i\000\363\000n}{chapter.12}% 141
\BOOKMARK [1][-]{section.12.2}{\376\377\000D\000a\000t\000o\000s\000\040\000d\000e\000\040\000C\000o\000n\000t\000r\000o\000l\000\040\000d\000e\000s\000d\000e\000\040\000l\000a\000\040\000A\000p\000l\000i\000c\000a\000c\000i\000\363\000n\000\040\000A\000n\000d\000r\000o\000i\000d}{chapter.12}% 142
\BOOKMARK [2][-]{subsection.12.2.1}{\376\377\000P\000a\000q\000u\000e\000t\000e\000\040\000d\000e\000\040\000e\000s\000t\000a\000d\000o\000\040\000R\000C\000\040\000\050\000r\000c\000S\000t\000a\000t\000e\000P\000a\000c\000k\000e\000t\000\051}{section.12.2}% 143
\BOOKMARK [2][-]{subsection.12.2.2}{\376\377\000P\000a\000q\000u\000e\000t\000e\000\040\000d\000e\000\040\000e\000v\000e\000n\000t\000o\000\040\000\050\000r\000c\000E\000v\000e\000n\000t\000P\000a\000c\000k\000e\000t\000\051}{section.12.2}% 144
\BOOKMARK [1][-]{section.12.3}{\376\377\000C\000\363\000m\000o\000\040\000e\000l\000\040\000E\000S\000P\0003\0002\000\040\000R\000e\000c\000i\000b\000e\000\040\000P\000a\000q\000u\000e\000t\000e\000s}{chapter.12}% 145
\BOOKMARK [1][-]{section.12.4}{\376\377\000D\000\363\000n\000d\000e\000\040\000s\000e\000\040\000A\000p\000l\000i\000c\000a\000n\000\040\000l\000o\000s\000\040\000V\000a\000l\000o\000r\000e\000s\000\040\000d\000e\000\040\000C\000o\000n\000t\000r\000o\000l}{chapter.12}% 146
\BOOKMARK [1][-]{section.12.5}{\376\377\000E\000j\000e\000m\000p\000l\000o\000\040\0001\000:\000\040\000C\000o\000n\000t\000r\000o\000l\000\040\000d\000e\000\040\000D\000i\000r\000e\000c\000c\000i\000\363\000n\000\040\000U\000s\000a\000n\000d\000o\000\040\000e\000l\000\040\000J\000o\000y\000s\000t\000i\000c\000k\000\040\000I\000z\000q\000u\000i\000e\000r\000d\000o}{chapter.12}% 147
\BOOKMARK [1][-]{section.12.6}{\376\377\000E\000j\000e\000m\000p\000l\000o\000\040\0002\000:\000\040\000C\000o\000n\000t\000r\000o\000l\000\040\000d\000e\000\040\000V\000e\000l\000o\000c\000i\000d\000a\000d\000\040\000d\000e\000\040\000M\000o\000t\000o\000r\000e\000s\000\040\000e\000n\000\040\000T\000r\000a\000c\000c\000i\000\363\000n\000\040\000D\000i\000f\000e\000r\000e\000n\000c\000i\000a\000l}{chapter.12}% 148
\BOOKMARK [2][-]{subsection.12.6.1}{\376\377\000M\000a\000p\000e\000o\000\040\000d\000e\000\040\000d\000i\000r\000e\000c\000c\000i\000\363\000n\000\040\000+\000\040\000v\000e\000l\000o\000c\000i\000d\000a\000d\000\040\000\050\000c\000o\000m\000p\000o\000r\000t\000a\000m\000i\000e\000n\000t\000o\000\040\000i\000m\000p\000l\000e\000m\000e\000n\000t\000a\000d\000o\000\051}{section.12.6}% 149
\BOOKMARK [2][-]{subsection.12.6.2}{\376\377\000R\000a\000m\000p\000a\000\040\000s\000u\000a\000v\000e\000\040\000\050\000c\000o\000m\000p\000o\000r\000t\000a\000m\000i\000e\000n\000t\000o\000\040\000a\000v\000a\000n\000z\000a\000d\000o\000\051}{section.12.6}% 150
\BOOKMARK [1][-]{section.12.7}{\376\377\000E\000j\000e\000m\000p\000l\000o\000\040\0003\000:\000\040\000C\000o\000n\000t\000r\000o\000l\000\040\000d\000e\000\040\000P\000a\000n\000e\000o\000\040\000d\000e\000\040\000C\000\341\000m\000a\000r\000a}{chapter.12}% 151
\BOOKMARK [1][-]{section.12.8}{\376\377\000E\000j\000e\000m\000p\000l\000o\000\040\0004\000:\000\040\000U\000s\000a\000r\000\040\000P\000e\000r\000i\000l\000l\000a\000s\000\040\000p\000a\000r\000a\000\040\000C\000o\000n\000t\000r\000o\000l\000a\000r\000\040\000P\000W\000M\000\040\000d\000e\000\040\000L\000E\000D\000\040\000y\000\040\000Z\000u\000m\000b\000a\000d\000o\000r}{chapter.12}% 152
\BOOKMARK [1][-]{section.12.9}{\376\377\000E\000j\000e\000m\000p\000l\000o\000\040\0005\000:\000\040\000C\000o\000n\000t\000r\000o\000l\000a\000r\000\040\000S\000a\000l\000i\000d\000a\000s\000\040\000D\000i\000g\000i\000t\000a\000l\000e\000s\000\040\000c\000o\000n\000\040\000I\000n\000t\000e\000r\000r\000u\000p\000t\000o\000r\000e\000s}{chapter.12}% 153
\BOOKMARK [1][-]{section.12.10}{\376\377\000E\000j\000e\000m\000p\000l\000o\000\040\0006\000:\000\040\000M\000a\000n\000e\000j\000o\000\040\000d\000e\000\040\000E\000v\000e\000n\000t\000o\000s\000\040\000d\000e\000\040\000B\000o\000t\000\363\000n\000\040\000\050\000S\000a\000l\000i\000d\000a\000s\000\040\000d\000e\000\040\000P\000u\000l\000s\000o\000\051}{chapter.12}% 154
\BOOKMARK [2][-]{subsection.12.10.1}{\376\377\000P\000u\000l\000s\000o\000s\000\040\000n\000o\000\040\000b\000l\000o\000q\000u\000e\000a\000n\000t\000e\000s}{section.12.10}% 155
\BOOKMARK [1][-]{section.12.11}{\376\377\000D\000a\000t\000o\000s\000\040\000d\000e\000\040\000T\000e\000l\000e\000m\000e\000t\000r\000\355\000a\000\040\000E\000n\000v\000i\000a\000d\000o\000s\000\040\000a\000\040\000l\000a\000\040\000A\000p\000l\000i\000c\000a\000c\000i\000\363\000n\000\040\000A\000n\000d\000r\000o\000i\000d}{chapter.12}% 156
\BOOKMARK [2][-]{subsection.12.11.1}{\376\377\000T\000i\000p\000o\000s\000\040\000d\000e\000\040\000t\000e\000l\000e\000m\000e\000t\000r\000\355\000a\000\040\000y\000\040\000t\000a\000s\000a\000s\000\040\000\050\000i\000m\000p\000l\000e\000m\000e\000n\000t\000a\000d\000o\000\051}{section.12.11}% 157
\BOOKMARK [2][-]{subsection.12.11.2}{\376\377\000C\000o\000n\000f\000i\000g\000-\000o\000n\000-\000c\000o\000n\000n\000e\000c\000t}{section.12.11}% 158
\BOOKMARK [1][-]{section.12.12}{\376\377\000E\000j\000e\000m\000p\000l\000o\000\040\0007\000:\000\040\000T\000e\000l\000e\000m\000e\000t\000r\000\355\000a\000\040\000d\000e\000\040\000B\000a\000t\000e\000r\000\355\000a\000\040\000c\000o\000m\000o\000\040\000I\000n\000d\000i\000c\000a\000d\000o\000r}{chapter.12}% 159
\BOOKMARK [1][-]{section.12.13}{\376\377\000E\000j\000e\000m\000p\000l\000o\000\040\0008\000:\000\040\000P\000a\000n\000e\000l\000e\000s\000\040\000d\000e\000\040\000T\000e\000l\000e\000m\000e\000t\000r\000\355\000a\000\040\000d\000e\000s\000d\000e\000\040\000E\000n\000t\000r\000a\000d\000a\000s\000\040\000A\000n\000a\000l\000\363\000g\000i\000c\000a\000s}{chapter.12}% 160
\BOOKMARK [1][-]{section.12.14}{\376\377\000E\000j\000e\000m\000p\000l\000o\000\040\0009\000:\000\040\000S\000e\000\361\000a\000l\000e\000s\000\040\000d\000e\000\040\000G\000r\000\341\000f\000i\000c\000a\000\040\000\050\0000\000.\000.\0002\0005\0005\000\040\000G\000r\000\341\000f\000i\000c\000a\000s\000\040\000R\000\341\000p\000i\000d\000a\000s\000\051}{chapter.12}% 161
\BOOKMARK [1][-]{section.12.15}{\376\377\000E\000j\000e\000m\000p\000l\000o\000\040\0001\0000\000:\000\040\000I\000n\000d\000i\000c\000a\000d\000o\000r\000e\000s\000\040\000d\000e\000\040\000M\000\341\000s\000c\000a\000r\000a\000\040\000D\000i\000g\000i\000t\000a\000l}{chapter.12}% 162
\BOOKMARK [1][-]{section.12.16}{\376\377\000R\000e\000s\000u\000m\000e\000n}{chapter.12}% 163
\BOOKMARK [0][-]{chapter.13}{\376\377\000C\000a\000p\000a\000\040\000d\000e\000\040\000C\000o\000n\000t\000r\000o\000l\000\040\000y\000\040\000A\000b\000s\000t\000r\000a\000c\000c\000i\000\363\000n\000\040\000d\000e\000\040\000H\000a\000r\000d\000w\000a\000r\000e}{}% 164
\BOOKMARK [1][-]{section.13.1}{\376\377\000P\000r\000o\000p\000\363\000s\000i\000t\000o\000\040\000d\000e\000\040\000E\000s\000t\000e\000\040\000C\000a\000p\000\355\000t\000u\000l\000o}{chapter.13}% 165
\BOOKMARK [1][-]{section.13.2}{\376\377\000A\000r\000q\000u\000i\000t\000e\000c\000t\000u\000r\000a\000\040\000e\000n\000\040\000C\000a\000p\000a\000s\000\040\000\050\000V\000i\000s\000t\000a\000\040\000d\000e\000\040\000A\000l\000t\000o\000\040\000N\000i\000v\000e\000l\000\051}{chapter.13}% 166
\BOOKMARK [1][-]{section.13.3}{\376\377\000P\000a\000q\000u\000e\000t\000e\000s\000\040\000d\000e\000\040\000C\000o\000n\000t\000r\000o\000l\000\040\000y\000\040\000E\000s\000t\000r\000u\000c\000t\000u\000r\000a\000s\000\040\000d\000e\000\040\000E\000s\000t\000a\000d\000o}{chapter.13}% 167
\BOOKMARK [1][-]{section.13.4}{\376\377\000C\000a\000p\000a\000\040\000d\000e\000\040\000C\000o\000n\000t\000r\000o\000l\000\040\000\050\000c\000o\000n\000t\000r\000o\000l\000.\000c\000p\000p\000\051}{chapter.13}% 168
\BOOKMARK [2][-]{subsection.13.4.1}{\376\377\000R\000e\000s\000p\000o\000n\000s\000a\000b\000i\000l\000i\000d\000a\000d\000e\000s}{section.13.4}% 169
\BOOKMARK [2][-]{subsection.13.4.2}{\376\377\000B\000u\000c\000l\000e\000\040\000p\000r\000i\000n\000c\000i\000p\000a\000l\000:\000\040\000c\000o\000n\000t\000r\000o\000l\000U\000p\000d\000a\000t\000e\000\050\000\051}{section.13.4}% 170
\BOOKMARK [2][-]{subsection.13.4.3}{\376\377\000D\000e\000c\000o\000d\000i\000f\000i\000c\000a\000c\000i\000\363\000n\000\040\000d\000e\000\040\000m\000\341\000s\000c\000a\000r\000a\000\040\000d\000e\000\040\000b\000i\000t\000s\000\040\000d\000e\000\040\000s\000w\000i\000t\000c\000h\000e\000s}{section.13.4}% 171
\BOOKMARK [2][-]{subsection.13.4.4}{\376\377\000M\000a\000n\000e\000j\000o\000\040\000d\000e\000\040\000e\000v\000e\000n\000t\000o\000s\000:\000\040\000c\000o\000n\000t\000r\000o\000l\000H\000a\000n\000d\000l\000e\000E\000v\000e\000n\000t\000\050\000e\000v\000e\000n\000t\000I\000d\000\051}{section.13.4}% 172
\BOOKMARK [1][-]{section.13.5}{\376\377\000C\000a\000p\000a\000\040\000d\000e\000\040\000A\000b\000s\000t\000r\000a\000c\000c\000i\000\363\000n\000\040\000d\000e\000\040\000H\000a\000r\000d\000w\000a\000r\000e\000\040\000\050\000h\000a\000l\000\137\000o\000u\000t\000p\000u\000t\000.\000c\000p\000p\000\051}{chapter.13}% 173
\BOOKMARK [2][-]{subsection.13.5.1}{\376\377\000R\000e\000s\000p\000o\000n\000s\000a\000b\000i\000l\000i\000d\000a\000d\000e\000s}{section.13.5}% 174
\BOOKMARK [2][-]{subsection.13.5.2}{\376\377\000S\000a\000l\000i\000d\000a\000s\000\040\000P\000W\000M\000\040\000\050\000e\000j\000e\000m\000p\000l\000o\000s\000\051}{section.13.5}% 175
\BOOKMARK [2][-]{subsection.13.5.3}{\376\377\000C\000o\000n\000t\000r\000o\000l\000\040\000d\000e\000\040\000m\000o\000t\000o\000r\000:\000\040\000d\000i\000r\000e\000c\000c\000i\000\363\000n\000\040\000+\000\040\000b\000a\000n\000d\000a\000\040\000m\000u\000e\000r\000t\000a\000\040\000+\000\040\000r\000a\000m\000p\000a}{section.13.5}% 176
\BOOKMARK [2][-]{subsection.13.5.4}{\376\377\000S\000a\000l\000i\000d\000a\000s\000\040\000d\000e\000\040\000s\000w\000i\000t\000c\000h\000e\000s\000:\000\040\000G\000P\000I\000O\000\040\000d\000i\000r\000e\000c\000t\000o\000s\000\040\000v\000s\000\040\000M\000C\000P\0002\0003\0000\0001\0007}{section.13.5}% 177
\BOOKMARK [2][-]{subsection.13.5.5}{\376\377\000S\000a\000l\000i\000d\000a\000s\000\040\000d\000e\000\040\000p\000u\000l\000s\000o\000\040\000\050\000a\000c\000c\000i\000o\000n\000e\000s\000\040\000m\000o\000m\000e\000n\000t\000\341\000n\000e\000a\000s\000\051}{section.13.5}% 178
\BOOKMARK [1][-]{section.13.6}{\376\377\000M\000a\000p\000e\000o\000\040\000d\000e\000\040\000P\000i\000n\000e\000s\000\040\000\050\000p\000i\000n\000s\000.\000h\000\051\000\040\000y\000\040\000P\000o\000r\000t\000a\000b\000i\000l\000i\000d\000a\000d}{chapter.13}% 179
\BOOKMARK [1][-]{section.13.7}{\376\377\000R\000e\000s\000u\000m\000e\000n}{chapter.13}% 180
\BOOKMARK [0][-]{chapter.14}{\376\377\000D\000i\000a\000g\000r\000a\000m\000a\000\040\000d\000e\000\040\000C\000a\000b\000l\000e\000a\000d\000o\000\040\000E\000x\000p\000l\000i\000c\000a\000d\000o\000\040\000\050\000R\000e\000f\000e\000r\000e\000n\000c\000i\000a\000\040\000d\000e\000l\000\040\000R\000e\000p\000o\000s\000i\000t\000o\000r\000i\000o\000\051}{}% 181
\BOOKMARK [1][-]{section.14.1}{\376\377\000D\000i\000a\000g\000r\000a\000m\000a\000\040\000\050\000I\000n\000c\000l\000u\000i\000d\000o\000\051}{chapter.14}% 182
\BOOKMARK [1][-]{section.14.2}{\376\377\000R\000e\000s\000u\000m\000e\000n\000\040\000R\000\341\000p\000i\000d\000o}{chapter.14}% 183
\BOOKMARK [1][-]{section.14.3}{\376\377\000E\000x\000p\000l\000i\000c\000a\000c\000i\000\363\000n\000\040\000D\000i\000r\000e\000c\000t\000a\000\040\000d\000e\000\040\000C\000a\000d\000a\000\040\000G\000r\000u\000p\000o\000\040\000\050\000Q\000u\000\351\000\040\000h\000a\000c\000e\000\051}{chapter.14}% 184
\BOOKMARK [2][-]{subsection.14.3.1}{\376\377\000I\0002\000C\000\040\000\050\000S\000D\000A\000\040\0002\0001\000,\000\040\000S\000C\000L\000\040\0002\0002\000\051}{section.14.3}% 185
\BOOKMARK [2][-]{subsection.14.3.2}{\376\377\000E\000n\000t\000r\000a\000d\000a\000s\000\040\000a\000n\000a\000l\000\363\000g\000i\000c\000a\000s\000\040\000d\000e\000\040\000t\000e\000l\000e\000m\000e\000t\000r\000\355\000a\000\040\000\050\000N\000U\000M\0001\000/\000N\000U\000M\0002\000/\000A\000I\000N\0001\000/\000A\000I\000N\0002\000\051}{section.14.3}% 186
\BOOKMARK [2][-]{subsection.14.3.3}{\376\377\000E\000n\000t\000r\000a\000d\000a\000s\000\040\000d\000e\000\040\000i\000n\000d\000i\000c\000a\000d\000o\000r\000e\000s\000\040\000d\000i\000g\000i\000t\000a\000l\000e\000s\000\040\000\050\000I\000N\000D\0001\040\023\000I\000N\000D\0004\000\051}{section.14.3}% 187
\BOOKMARK [2][-]{subsection.14.3.4}{\376\377\000S\000a\000l\000i\000d\000a\000s\000\040\000P\000W\000M\000\040\000\050\000P\000W\000M\000\040\000L\000X\000/\000L\000Y\000/\000R\000X\000/\000R\000Y\000/\000K\000L\000/\000K\000R\000\051}{section.14.3}% 188
\BOOKMARK [2][-]{subsection.14.3.5}{\376\377\000S\000a\000l\000i\000d\000a\000s\000\040\000d\000e\000\040\000s\000w\000i\000t\000c\000h\000e\000s\000\040\000\050\000S\000W\0001\040\023\000S\000W\0006\000\051}{section.14.3}% 189
\BOOKMARK [2][-]{subsection.14.3.6}{\376\377\000S\000a\000l\000i\000d\000a\000s\000\040\000d\000e\000\040\000p\000u\000l\000s\000o\000/\000e\000v\000e\000n\000t\000o}{section.14.3}% 190
\BOOKMARK [1][-]{section.14.4}{\376\377\000R\000e\000s\000u\000m\000e\000n\000\040\000\050\000U\000n\000\040\000P\000\341\000r\000r\000a\000f\000o\000\051}{chapter.14}% 191
